<?xml version="1.0" encoding="UTF-8"?>
<testng-results skipped="0" failed="0" ignored="0" total="2" passed="2">
  <reporter-output>
  </reporter-output>
  <suite name="Default suite" duration-ms="112" started-at="2020-04-21T03:18:33Z" finished-at="2020-04-21T03:18:33Z">
    <groups>
    </groups>
    <test name="Default test" duration-ms="112" started-at="2020-04-21T03:18:33Z" finished-at="2020-04-21T03:18:33Z">
      <class name="dataDriven.NewTest">
        <test-method status="PASS" signature="f(java.lang.Integer, java.lang.String)[pri:0, instance:dataDriven.NewTest@4b168fa9]" name="f" duration-ms="22" started-at="2020-04-21T03:18:33Z" data-provider="dp" finished-at="2020-04-21T03:18:33Z">
          <params>
            <param index="0">
              <value>
                <![CDATA[1]]>
              </value>
            </param>
            <param index="1">
              <value>
                <![CDATA[a]]>
              </value>
            </param>
          </params>
          <reporter-output>
          </reporter-output>
        </test-method> <!-- f -->
        <test-method status="PASS" signature="f(java.lang.Integer, java.lang.String)[pri:0, instance:dataDriven.NewTest@4b168fa9]" name="f" duration-ms="2" started-at="2020-04-21T03:18:33Z" data-provider="dp" finished-at="2020-04-21T03:18:33Z">
          <params>
            <param index="0">
              <value>
                <![CDATA[2]]>
              </value>
            </param>
            <param index="1">
              <value>
                <![CDATA[b]]>
              </value>
            </param>
          </params>
          <reporter-output>
          </reporter-output>
        </test-method> <!-- f -->
      </class> <!-- dataDriven.NewTest -->
    </test> <!-- Default test -->
  </suite> <!-- Default suite -->
</testng-results>
