<?xml version="1.0" encoding="UTF-8"?>
<testng-results skipped="0" failed="0" ignored="6" total="7" passed="1">
  <reporter-output>
  </reporter-output>
  <suite name="Default suite" duration-ms="20771" started-at="2020-05-07T03:25:02Z" finished-at="2020-05-07T03:25:23Z">
    <groups>
    </groups>
    <test name="Default test" duration-ms="20771" started-at="2020-05-07T03:25:02Z" finished-at="2020-05-07T03:25:23Z">
      <class name="com.actionsjavascriptexecutors.MouseOperations">
        <test-method status="PASS" signature="setup()[pri:0, instance:com.actionsjavascriptexecutors.MouseOperations@436a4e4b]" name="setup" is-config="true" duration-ms="10803" started-at="2020-05-07T03:25:02Z" finished-at="2020-05-07T03:25:13Z">
          <reporter-output>
          </reporter-output>
        </test-method> <!-- setup -->
        <test-method status="PASS" signature="autoSuggestion()[pri:7, instance:com.actionsjavascriptexecutors.MouseOperations@436a4e4b]" name="autoSuggestion" duration-ms="9906" started-at="2020-05-07T03:25:13Z" finished-at="2020-05-07T03:25:23Z">
          <reporter-output>
          </reporter-output>
        </test-method> <!-- autoSuggestion -->
        <test-method status="PASS" signature="tearDown()[pri:0, instance:com.actionsjavascriptexecutors.MouseOperations@436a4e4b]" name="tearDown" is-config="true" duration-ms="0" started-at="2020-05-07T03:25:23Z" finished-at="2020-05-07T03:25:23Z">
          <reporter-output>
          </reporter-output>
        </test-method> <!-- tearDown -->
      </class> <!-- com.actionsjavascriptexecutors.MouseOperations -->
    </test> <!-- Default test -->
  </suite> <!-- Default suite -->
</testng-results>
