<?xml version="1.0" encoding="UTF-8"?>
<testng-results skipped="0" failed="0" ignored="0" total="1" passed="1">
  <reporter-output>
  </reporter-output>
  <suite name="Default suite" duration-ms="48167" started-at="2020-05-08T03:27:18Z" finished-at="2020-05-08T03:28:06Z">
    <groups>
    </groups>
    <test name="Default test" duration-ms="48167" started-at="2020-05-08T03:27:18Z" finished-at="2020-05-08T03:28:06Z">
      <class name="com.webTables.WebTables">
        <test-method status="PASS" signature="setUp()[pri:0, instance:com.webTables.WebTables@436a4e4b]" name="setUp" is-config="true" duration-ms="15574" started-at="2020-05-08T03:27:18Z" finished-at="2020-05-08T03:27:34Z">
          <reporter-output>
          </reporter-output>
        </test-method> <!-- setUp -->
        <test-method status="PASS" signature="dynamicTable()[pri:0, instance:com.webTables.WebTables@436a4e4b]" name="dynamicTable" duration-ms="32513" started-at="2020-05-08T03:27:34Z" finished-at="2020-05-08T03:28:06Z">
          <reporter-output>
          </reporter-output>
        </test-method> <!-- dynamicTable -->
        <test-method status="PASS" signature="tearDown()[pri:0, instance:com.webTables.WebTables@436a4e4b]" name="tearDown" is-config="true" duration-ms="0" started-at="2020-05-08T03:28:06Z" finished-at="2020-05-08T03:28:06Z">
          <reporter-output>
          </reporter-output>
        </test-method> <!-- tearDown -->
      </class> <!-- com.webTables.WebTables -->
    </test> <!-- Default test -->
  </suite> <!-- Default suite -->
</testng-results>
