<?xml version="1.0" encoding="UTF-8"?>
<testng-results skipped="1" failed="0" ignored="0" total="2" passed="1">
  <reporter-output>
  </reporter-output>
  <suite name="Default suite" duration-ms="1452" started-at="2020-05-29T03:28:56Z" finished-at="2020-05-29T03:28:57Z">
    <groups>
    </groups>
    <test name="Default test" duration-ms="1452" started-at="2020-05-29T03:28:56Z" finished-at="2020-05-29T03:28:57Z">
      <class name="com.project.SuiteA.LoginTest">
        <test-method status="PASS" signature="init()[pri:0, instance:com.project.SuiteA.LoginTest@5762806e]" name="init" is-config="true" duration-ms="1345" started-at="2020-05-29T08:58:56Z" finished-at="2020-05-29T08:58:57Z">
          <reporter-output>
          </reporter-output>
        </test-method> <!-- init -->
        <test-method status="PASS" signature="loginTest(java.util.Hashtable)[pri:0, instance:com.project.SuiteA.LoginTest@5762806e]" name="loginTest" duration-ms="30" started-at="2020-05-29T08:58:57Z" data-provider="getData" finished-at="2020-05-29T08:58:57Z">
          <params>
            <param index="0">
              <value>
                <![CDATA[{ExpectedResult=LoginSuccess, Password=zoho2015, Rumode=Y, UserName=ravilella.2015@gmail.com, Browser=chrome}]]>
              </value>
            </param>
          </params>
          <reporter-output>
          </reporter-output>
        </test-method> <!-- loginTest -->
        <test-method status="SKIP" signature="loginTest(java.util.Hashtable)[pri:0, instance:com.project.SuiteA.LoginTest@5762806e]" name="loginTest" duration-ms="3" started-at="2020-05-29T08:58:57Z" data-provider="getData" finished-at="2020-05-29T08:58:57Z">
          <params>
            <param index="0">
              <value>
                <![CDATA[{ExpectedResult=LoginSuccess, Password=P2, Rumode=N, UserName=U2, Browser=firefox}]]>
              </value>
            </param>
          </params>
          <exception class="org.testng.SkipException">
            <message>
              <![CDATA[Runmode is set to NO...]]>
            </message>
            <full-stacktrace>
              <![CDATA[org.testng.SkipException: Runmode is set to NO...
	at com.project.SuiteA.LoginTest.loginTest(LoginTest.java:22)
	at sun.reflect.NativeMethodAccessorImpl.invoke0(Native Method)
	at sun.reflect.NativeMethodAccessorImpl.invoke(Unknown Source)
	at sun.reflect.DelegatingMethodAccessorImpl.invoke(Unknown Source)
	at java.lang.reflect.Method.invoke(Unknown Source)
	at org.testng.internal.MethodInvocationHelper.invokeMethod(MethodInvocationHelper.java:108)
	at org.testng.internal.Invoker.invokeMethod(Invoker.java:661)
	at org.testng.internal.Invoker.invokeTestMethod(Invoker.java:869)
	at org.testng.internal.Invoker.invokeTestMethods(Invoker.java:1193)
	at org.testng.internal.TestMethodWorker.invokeTestMethods(TestMethodWorker.java:126)
	at org.testng.internal.TestMethodWorker.run(TestMethodWorker.java:109)
	at org.testng.TestRunner.privateRun(TestRunner.java:744)
	at org.testng.TestRunner.run(TestRunner.java:602)
	at org.testng.SuiteRunner.runTest(SuiteRunner.java:380)
	at org.testng.SuiteRunner.runSequentially(SuiteRunner.java:375)
	at org.testng.SuiteRunner.privateRun(SuiteRunner.java:340)
	at org.testng.SuiteRunner.run(SuiteRunner.java:289)
	at org.testng.SuiteRunnerWorker.runSuite(SuiteRunnerWorker.java:52)
	at org.testng.SuiteRunnerWorker.run(SuiteRunnerWorker.java:86)
	at org.testng.TestNG.runSuitesSequentially(TestNG.java:1301)
	at org.testng.TestNG.runSuitesLocally(TestNG.java:1226)
	at org.testng.TestNG.runSuites(TestNG.java:1144)
	at org.testng.TestNG.run(TestNG.java:1115)
	at org.testng.remote.AbstractRemoteTestNG.run(AbstractRemoteTestNG.java:115)
	at org.testng.remote.RemoteTestNG.initAndRun(RemoteTestNG.java:251)
	at org.testng.remote.RemoteTestNG.main(RemoteTestNG.java:77)
]]>
            </full-stacktrace>
          </exception> <!-- org.testng.SkipException -->
          <reporter-output>
          </reporter-output>
        </test-method> <!-- loginTest -->
      </class> <!-- com.project.SuiteA.LoginTest -->
    </test> <!-- Default test -->
  </suite> <!-- Default suite -->
</testng-results>
