<?xml version="1.0" encoding="UTF-8"?>
<!-- Generated by org.testng.reporters.JUnitXMLReporter -->
<testsuite hostname="DESKTOP-27L8JE7" ignored="6" name="Default test" tests="1" failures="0" timestamp="07 May 2020 03:25:23 GMT" time="20.771" errors="0">
  <testcase name="autoSuggestion" time="9.906" classname="com.actionsjavascriptexecutors.MouseOperations"/>
  <testcase name="MoveToelement" time="0.0" classname="com.actionsjavascriptexecutors.MouseOperations">
    <ignored/>
  </testcase> <!-- MoveToelement -->
  <testcase name="Browserslider" time="0.0" classname="com.actionsjavascriptexecutors.MouseOperations">
    <ignored/>
  </testcase> <!-- Browserslider -->
  <testcase name="slider" time="0.0" classname="com.actionsjavascriptexecutors.MouseOperations">
    <ignored/>
  </testcase> <!-- slider -->
  <testcase name="dragAnddrop" time="0.0" classname="com.actionsjavascriptexecutors.MouseOperations">
    <ignored/>
  </testcase> <!-- dragAnddrop -->
  <testcase name="resizeMethod" time="0.0" classname="com.actionsjavascriptexecutors.MouseOperations">
    <ignored/>
  </testcase> <!-- resizeMethod -->
  <testcase name="rightClickMethod" time="0.0" classname="com.actionsjavascriptexecutors.MouseOperations">
    <ignored/>
  </testcase> <!-- rightClickMethod -->
</testsuite> <!-- Default test -->
