<?xml version="1.0" encoding="UTF-8"?>
<!-- Generated by org.testng.reporters.JUnitXMLReporter -->
<testsuite hostname="DESKTOP-27L8JE7" ignored="0" name="RegressionTest" tests="4" failures="0" timestamp="09 Apr 2020 03:30:43 GMT" time="108.971" errors="0">
  <testcase name="checkboxTest" time="0.765" classname="com.project.Ecommerce.CheckBox1"/>
  <testcase name="amazon" time="3.748" classname="com.project.Ecommerce.TC_002"/>
  <testcase name="linktesting1" time="2.286" classname="com.project.Ecommerce.LinksTesting1"/>
  <testcase name="radioTest" time="3.17" classname="com.project.Ecommerce.RadioButton1"/>
</testsuite> <!-- RegressionTest -->
