<?xml version="1.0" encoding="UTF-8"?>
<!-- Generated by org.testng.reporters.JUnitXMLReporter -->
<testsuite hostname="DESKTOP-27L8JE7" ignored="3" name="Test" tests="1" failures="0" timestamp="10 Apr 2020 03:08:11 GMT" time="20.252" errors="0">
  <testcase name="amazon" time="4.541" classname="com.project.Ecommerce.TC_002"/>
  <testcase name="radioTest" time="0.0" classname="com.project.Ecommerce.RadioButton1">
    <ignored/>
  </testcase> <!-- radioTest -->
  <testcase name="linktesting1" time="0.0" classname="com.project.Ecommerce.LinksTesting1">
    <ignored/>
  </testcase> <!-- linktesting1 -->
  <testcase name="checkboxTest" time="0.0" classname="com.project.Ecommerce.CheckBox1">
    <ignored/>
  </testcase> <!-- checkboxTest -->
</testsuite> <!-- Test -->
