<?xml version="1.0" encoding="UTF-8"?>
<!-- Generated by org.testng.reporters.JUnitXMLReporter -->
<testsuite hostname="DESKTOP-27L8JE7" ignored="0" name="Default test" tests="2" failures="0" timestamp="05 Jun 2020 03:00:55 GMT" time="16.898" errors="0">
  <testcase name="loginTest" time="15.501" classname="com.project.SuiteA.LoginTest"/>
  <testcase name="loginTest" time="0.004" classname="com.project.SuiteA.LoginTest">
    <skipped/>
  </testcase> <!-- loginTest -->
</testsuite> <!-- Default test -->
