<?xml version="1.0" encoding="UTF-8"?>
<!-- Generated by org.testng.reporters.JUnitXMLReporter -->
<testsuite hostname="DESKTOP-27L8JE7" ignored="0" name="Default test" tests="2" failures="0" timestamp="17 Jun 2020 03:24:24 GMT" time="22.112" errors="0">
  <testcase name="loginTest" time="18.212" classname="com.project.SuiteA.LoginTest"/>
  <testcase name="loginTest" time="0.01" classname="com.project.SuiteA.LoginTest">
    <skipped/>
  </testcase> <!-- loginTest -->
</testsuite> <!-- Default test -->
